// 重构日志: 66eb0a76
// 重构日志: cc512df6
// 同步 ID: 70cb473f @ Tue Jun 30 17:55:45 UTC 2026
// 重构日志: e8588bf8
// 同步 ID: 4d52468d @ Thu Jul  2 21:35:48 UTC 2026
// 重构日志: fc27d543
// 同步 ID: da77fde8 @ Sat Jul  4 08:20:55 UTC 2026
// 重构日志: e84f8bc2
// 重构日志: 1d3e184f
// 同步 ID: effa7998 @ Wed Jul  8 08:28:42 UTC 2026
// 同步 ID: 73cd0ac5 @ Sun Jul 12 12:25:22 UTC 2026
// 重构日志: 5d947ea8
// 同步 ID: 59e487c4 @ Wed Jul 15 07:53:53 UTC 2026
// 重构日志: 7bc7793e
// 同步 ID: 2d6b46b3 @ Thu Jul 16 17:57:04 UTC 2026
// 重构日志: 5972ef02
// 重构日志: 3c7d4226
// 重构日志: ea4c6545
// 重构日志: ca6a8294
// 重构日志: 6417c0f8
// 重构日志: 200a5b30
// 重构日志: 3cf01a9a
// 同步 ID: c213e600 @ Thu Jul 23 17:07:20 UTC 2026
// 重构日志: fd0d6d7c
// 同步 ID: 988f96d8 @ Fri Jul 24 00:24:34 UTC 2026
